TN:
SF:/home/lara/Documentos/MeetApp-Backend/src/app/assets/constants.js
FNF:0
FNH:0
DA:1,2
DA:15,2
LF:2
LH:2
BRF:0
BRH:0
end_of_record
TN:
SF:/home/lara/Documentos/MeetApp-Backend/src/app/assets/strings.js
FNF:0
FNH:0
DA:1,2
DA:69,2
LF:2
LH:2
BRF:0
BRH:0
end_of_record
TN:
SF:/home/lara/Documentos/MeetApp-Backend/src/app/controllers/FileController.js
FN:4,(anonymous_0)
FNF:1
FNH:0
FNDA:0,(anonymous_0)
DA:1,0
DA:5,0
DA:7,0
DA:8,0
DA:12,0
LF:5
LH:0
BRF:0
BRH:0
end_of_record
TN:
SF:/home/lara/Documentos/MeetApp-Backend/src/app/controllers/MeetupController.js
FN:10,(anonymous_0)
FN:17,(anonymous_1)
FN:24,(anonymous_2)
FN:33,(anonymous_3)
FN:45,(anonymous_4)
FNF:5
FNH:0
FNDA:0,(anonymous_0)
FNDA:0,(anonymous_1)
FNDA:0,(anonymous_2)
FNDA:0,(anonymous_3)
FNDA:0,(anonymous_4)
DA:1,0
DA:7,0
DA:11,0
DA:12,0
DA:14,0
DA:18,0
DA:19,0
DA:21,0
DA:25,0
DA:30,0
DA:34,0
DA:42,0
DA:46,0
DA:51,0
DA:55,0
LF:15
LH:0
BRDA:11,0,0,0
BRF:1
BRH:0
end_of_record
TN:
SF:/home/lara/Documentos/MeetApp-Backend/src/app/controllers/ScheduleController.js
FN:4,(anonymous_0)
FNF:1
FNH:0
FNDA:0,(anonymous_0)
DA:1,0
DA:5,0
DA:7,0
DA:11,0
LF:4
LH:0
BRF:0
BRH:0
end_of_record
TN:
SF:/home/lara/Documentos/MeetApp-Backend/src/app/controllers/SessionController.js
FN:4,(anonymous_0)
FNF:1
FNH:1
FNDA:1,(anonymous_0)
DA:1,1
DA:5,1
DA:7,1
DA:11,1
LF:4
LH:4
BRF:0
BRH:0
end_of_record
TN:
SF:/home/lara/Documentos/MeetApp-Backend/src/app/controllers/SubscriptionController.js
FN:8,(anonymous_0)
FN:13,(anonymous_1)
FN:22,(anonymous_2)
FNF:3
FNH:0
FNDA:0,(anonymous_0)
FNDA:0,(anonymous_1)
FNDA:0,(anonymous_2)
DA:1,0
DA:5,0
DA:9,0
DA:10,0
DA:14,0
DA:19,0
DA:23,0
DA:25,0
DA:29,0
LF:9
LH:0
BRF:0
BRH:0
end_of_record
TN:
SF:/home/lara/Documentos/MeetApp-Backend/src/app/controllers/UserController.js
FN:4,(anonymous_0)
FN:10,(anonymous_1)
FNF:2
FNH:0
FNDA:0,(anonymous_0)
FNDA:0,(anonymous_1)
DA:1,0
DA:5,0
DA:7,0
DA:11,0
DA:12,0
DA:14,0
DA:18,0
LF:7
LH:0
BRF:0
BRH:0
end_of_record
TN:
SF:/home/lara/Documentos/MeetApp-Backend/src/app/controllers/index.js
FN:1,_createNamedExportFrom
FN:1,(anonymous_1)
FNF:2
FNH:0
FNDA:0,_createNamedExportFrom
FNDA:0,(anonymous_1)
DA:1,0
DA:2,0
DA:3,0
DA:4,0
DA:5,0
DA:6,0
LF:6
LH:0
BRF:0
BRH:0
end_of_record
TN:
SF:/home/lara/Documentos/MeetApp-Backend/src/app/errors/BadRequestError.js
FN:2,(anonymous_0)
FNF:1
FNH:0
FNDA:0,(anonymous_0)
DA:1,1
DA:3,0
DA:5,0
DA:6,0
DA:7,0
DA:11,1
LF:6
LH:2
BRF:0
BRH:0
end_of_record
TN:
SF:/home/lara/Documentos/MeetApp-Backend/src/app/errors/ForbiddenError.js
FN:2,(anonymous_0)
FNF:1
FNH:0
FNDA:0,(anonymous_0)
DA:1,1
DA:3,0
DA:5,0
DA:6,0
DA:7,0
DA:11,1
LF:6
LH:2
BRF:0
BRH:0
end_of_record
TN:
SF:/home/lara/Documentos/MeetApp-Backend/src/app/errors/NotFoundError.js
FN:2,(anonymous_0)
FNF:1
FNH:0
FNDA:0,(anonymous_0)
DA:1,1
DA:3,0
DA:5,0
DA:6,0
DA:7,0
DA:11,1
LF:6
LH:2
BRF:0
BRH:0
end_of_record
TN:
SF:/home/lara/Documentos/MeetApp-Backend/src/app/errors/UnauthorizedError.js
FN:2,(anonymous_0)
FNF:1
FNH:0
FNDA:0,(anonymous_0)
DA:1,1
DA:3,0
DA:5,0
DA:6,0
DA:7,0
DA:11,1
LF:6
LH:2
BRF:0
BRH:0
end_of_record
TN:
SF:/home/lara/Documentos/MeetApp-Backend/src/app/errors/index.js
FN:1,_createNamedExportFrom
FN:1,(anonymous_1)
FNF:2
FNH:1
FNDA:4,_createNamedExportFrom
FNDA:0,(anonymous_1)
DA:1,4
DA:2,1
DA:3,1
DA:4,1
LF:4
LH:4
BRF:0
BRH:0
end_of_record
TN:
SF:/home/lara/Documentos/MeetApp-Backend/src/app/middlewares/auth.js
FN:1,_interopRequireDefault
FN:8,(anonymous_1)
FNF:2
FNH:0
FNDA:0,_interopRequireDefault
FNDA:0,(anonymous_1)
DA:1,0
DA:2,0
DA:4,0
DA:5,0
DA:6,0
DA:8,0
DA:9,0
DA:11,0
DA:12,0
DA:18,0
DA:20,0
DA:21,0
DA:23,0
DA:25,0
DA:27,0
LF:15
LH:0
BRDA:1,0,0,0
BRDA:1,0,1,0
BRDA:1,1,0,0
BRDA:1,1,1,0
BRDA:11,2,0,0
BRDA:11,2,1,0
BRF:6
BRH:0
end_of_record
TN:
SF:/home/lara/Documentos/MeetApp-Backend/src/app/middlewares/index.js
FN:1,_createNamedExportFrom
FN:1,(anonymous_1)
FNF:2
FNH:0
FNDA:0,_createNamedExportFrom
FNDA:0,(anonymous_1)
DA:1,0
LF:1
LH:0
BRF:0
BRH:0
end_of_record
TN:
SF:/home/lara/Documentos/MeetApp-Backend/src/app/models/File.js
FN:1,_interopRequireDefault
FN:4,(anonymous_1)
FN:11,(anonymous_2)
FNF:3
FNH:1
FNDA:1,_interopRequireDefault
FNDA:0,(anonymous_1)
FNDA:0,(anonymous_2)
DA:1,1
DA:5,0
DA:12,0
DA:20,0
DA:24,1
LF:5
LH:2
BRDA:1,0,0,0
BRDA:1,0,1,1
BRDA:1,1,0,1
BRDA:1,1,1,1
BRF:4
BRH:3
end_of_record
TN:
SF:/home/lara/Documentos/MeetApp-Backend/src/app/models/Meetup.js
FN:1,_interopRequireDefault
FN:4,(anonymous_1)
FN:18,(anonymous_2)
FNF:3
FNH:1
FNDA:1,_interopRequireDefault
FNDA:0,(anonymous_1)
FNDA:0,(anonymous_2)
DA:1,1
DA:5,0
DA:19,0
DA:20,0
DA:24,1
LF:5
LH:2
BRDA:1,0,0,0
BRDA:1,0,1,1
BRDA:1,1,0,1
BRDA:1,1,1,1
BRF:4
BRH:3
end_of_record
TN:
SF:/home/lara/Documentos/MeetApp-Backend/src/app/models/Subscription.js
FN:4,(anonymous_0)
FN:13,(anonymous_1)
FNF:2
FNH:0
FNDA:0,(anonymous_0)
FNDA:0,(anonymous_1)
DA:1,1
DA:5,0
DA:14,0
DA:15,0
DA:19,1
LF:5
LH:2
BRF:0
BRH:0
end_of_record
TN:
SF:/home/lara/Documentos/MeetApp-Backend/src/app/models/User.js
FN:1,_interopRequireDefault
FN:5,(anonymous_1)
FN:18,(anonymous_2)
FN:27,(anonymous_3)
FNF:4
FNH:1
FNDA:2,_interopRequireDefault
FNDA:0,(anonymous_1)
FNDA:0,(anonymous_2)
FNDA:0,(anonymous_3)
DA:1,2
DA:2,1
DA:6,0
DA:18,0
DA:19,0
DA:20,0
DA:24,0
DA:28,0
DA:29,0
DA:31,0
DA:35,1
LF:11
LH:3
BRDA:1,0,0,0
BRDA:1,0,1,2
BRDA:1,1,0,2
BRDA:1,1,1,2
BRDA:19,2,0,0
BRDA:19,2,1,0
BRDA:28,3,0,0
BRDA:28,3,1,0
BRF:8
BRH:3
end_of_record
TN:
SF:/home/lara/Documentos/MeetApp-Backend/src/app/models/index.js
FN:1,_createNamedExportFrom
FN:1,(anonymous_1)
FNF:2
FNH:1
FNDA:4,_createNamedExportFrom
FNDA:0,(anonymous_1)
DA:1,4
DA:2,1
DA:3,1
DA:4,1
LF:4
LH:4
BRF:0
BRH:0
end_of_record
TN:
SF:/home/lara/Documentos/MeetApp-Backend/src/app/services/file/CreateFileService.js
FN:4,(anonymous_0)
FNF:1
FNH:0
FNDA:0,(anonymous_0)
DA:1,0
DA:5,0
DA:6,0
DA:10,0
LF:4
LH:0
BRF:0
BRH:0
end_of_record
TN:
SF:/home/lara/Documentos/MeetApp-Backend/src/app/services/file/index.js
FN:1,_createNamedExportFrom
FN:1,(anonymous_1)
FNF:2
FNH:0
FNDA:0,_createNamedExportFrom
FNDA:0,(anonymous_1)
DA:1,0
LF:1
LH:0
BRF:0
BRH:0
end_of_record
TN:
SF:/home/lara/Documentos/MeetApp-Backend/src/app/services/meetup/CreateMeetupService.js
FN:9,(anonymous_0)
FNF:1
FNH:0
FNDA:0,(anonymous_0)
DA:1,0
DA:3,0
DA:4,0
DA:5,0
DA:6,0
DA:10,0
DA:14,0
DA:16,0
DA:17,0
DA:23,0
DA:27,0
LF:11
LH:0
BRDA:16,0,0,0
BRDA:16,0,1,0
BRF:2
BRH:0
end_of_record
TN:
SF:/home/lara/Documentos/MeetApp-Backend/src/app/services/meetup/FindMeetupByIdService.js
FN:4,(anonymous_0)
FNF:1
FNH:0
FNDA:0,(anonymous_0)
DA:1,0
DA:5,0
DA:24,0
DA:28,0
LF:4
LH:0
BRF:0
BRH:0
end_of_record
TN:
SF:/home/lara/Documentos/MeetApp-Backend/src/app/services/meetup/GetMeetupsService.js
FN:7,(anonymous_0)
FNF:1
FNH:0
FNDA:0,(anonymous_0)
DA:1,0
DA:2,0
DA:4,0
DA:8,0
DA:10,0
DA:12,0
DA:13,0
DA:14,0
DA:20,0
DA:27,0
DA:29,0
DA:49,0
DA:53,0
LF:13
LH:0
BRDA:12,0,0,0
BRDA:12,0,1,0
BRF:2
BRH:0
end_of_record
TN:
SF:/home/lara/Documentos/MeetApp-Backend/src/app/services/meetup/RemoveMeetupService.js
FN:9,(anonymous_0)
FNF:1
FNH:0
FNDA:0,(anonymous_0)
DA:1,0
DA:3,0
DA:4,0
DA:5,0
DA:6,0
DA:10,0
DA:16,0
DA:17,0
DA:25,0
DA:26,0
DA:32,0
DA:34,0
DA:38,0
LF:13
LH:0
BRDA:16,0,0,0
BRDA:16,0,1,0
BRDA:25,1,0,0
BRDA:25,1,1,0
BRF:4
BRH:0
end_of_record
TN:
SF:/home/lara/Documentos/MeetApp-Backend/src/app/services/meetup/UpdateMeetupService.js
FN:9,(anonymous_0)
FNF:1
FNH:0
FNDA:0,(anonymous_0)
DA:1,0
DA:3,0
DA:4,0
DA:5,0
DA:6,0
DA:10,0
DA:16,0
DA:17,0
DA:25,0
DA:26,0
DA:34,0
DA:36,0
DA:37,0
DA:43,0
DA:45,0
DA:49,0
LF:16
LH:0
BRDA:16,0,0,0
BRDA:16,0,1,0
BRDA:25,1,0,0
BRDA:25,1,1,0
BRDA:36,2,0,0
BRDA:36,2,1,0
BRDA:36,3,0,0
BRDA:36,3,1,0
BRF:8
BRH:0
end_of_record
TN:
SF:/home/lara/Documentos/MeetApp-Backend/src/app/services/meetup/index.js
FN:1,_createNamedExportFrom
FN:1,(anonymous_1)
FNF:2
FNH:0
FNDA:0,_createNamedExportFrom
FNDA:0,(anonymous_1)
DA:1,0
DA:2,0
DA:3,0
DA:4,0
DA:5,0
LF:5
LH:0
BRF:0
BRH:0
end_of_record
TN:
SF:/home/lara/Documentos/MeetApp-Backend/src/app/services/schedule/GetScheduleService.js
FN:4,(anonymous_0)
FNF:1
FNH:0
FNDA:0,(anonymous_0)
DA:1,0
DA:5,0
DA:11,0
DA:15,0
LF:4
LH:0
BRF:0
BRH:0
end_of_record
TN:
SF:/home/lara/Documentos/MeetApp-Backend/src/app/services/schedule/index.js
FN:1,_createNamedExportFrom
FN:1,(anonymous_1)
FNF:2
FNH:0
FNDA:0,_createNamedExportFrom
FNDA:0,(anonymous_1)
DA:1,0
LF:1
LH:0
BRF:0
BRH:0
end_of_record
TN:
SF:/home/lara/Documentos/MeetApp-Backend/src/app/services/session/CreateSessionService.js
FN:1,_interopRequireDefault
FN:10,(anonymous_1)
FNF:2
FNH:1
FNDA:2,_interopRequireDefault
FNDA:0,(anonymous_1)
DA:1,2
DA:3,1
DA:4,1
DA:5,1
DA:6,1
DA:7,1
DA:11,0
DA:12,0
DA:14,0
DA:15,0
DA:21,0
DA:23,0
DA:24,0
DA:30,0
DA:32,0
DA:36,0
DA:47,1
LF:17
LH:7
BRDA:1,0,0,1
BRDA:1,0,1,1
BRDA:1,1,0,2
BRDA:1,1,1,2
BRDA:14,2,0,0
BRDA:14,2,1,0
BRDA:23,3,0,0
BRDA:23,3,1,0
BRF:8
BRH:4
end_of_record
TN:
SF:/home/lara/Documentos/MeetApp-Backend/src/app/services/session/index.js
FN:1,_createNamedExportFrom
FN:1,(anonymous_1)
FNF:2
FNH:2
FNDA:1,_createNamedExportFrom
FNDA:2,(anonymous_1)
DA:1,2
LF:1
LH:1
BRF:0
BRH:0
end_of_record
TN:
SF:/home/lara/Documentos/MeetApp-Backend/src/app/services/subscription/CreateSubscriptionService.js
FN:11,(anonymous_0)
FNF:1
FNH:0
FNDA:0,(anonymous_0)
DA:1,0
DA:3,0
DA:4,0
DA:5,0
DA:6,0
DA:7,0
DA:8,0
DA:12,0
DA:21,0
DA:22,0
DA:30,0
DA:31,0
DA:39,0
DA:40,0
DA:48,0
DA:55,0
DA:56,0
DA:64,0
DA:79,0
DA:80,0
DA:88,0
DA:94,0
DA:96,0
DA:98,0
DA:102,0
LF:25
LH:0
BRDA:21,0,0,0
BRDA:21,0,1,0
BRDA:30,1,0,0
BRDA:30,1,1,0
BRDA:39,2,0,0
BRDA:39,2,1,0
BRDA:55,3,0,0
BRDA:55,3,1,0
BRDA:79,4,0,0
BRDA:79,4,1,0
BRF:10
BRH:0
end_of_record
TN:
SF:/home/lara/Documentos/MeetApp-Backend/src/app/services/subscription/GetSubscriptionsService.js
FN:6,(anonymous_0)
FNF:1
FNH:0
FNDA:0,(anonymous_0)
DA:1,0
DA:3,0
DA:7,0
DA:46,0
DA:50,0
LF:5
LH:0
BRF:0
BRH:0
end_of_record
TN:
SF:/home/lara/Documentos/MeetApp-Backend/src/app/services/subscription/RemoveSubscriptionService.js
FN:9,(anonymous_0)
FNF:1
FNH:0
FNDA:0,(anonymous_0)
DA:1,0
DA:3,0
DA:4,0
DA:5,0
DA:6,0
DA:10,0
DA:28,0
DA:29,0
DA:37,0
DA:38,0
DA:44,0
DA:46,0
DA:50,0
LF:13
LH:0
BRDA:28,0,0,0
BRDA:28,0,1,0
BRDA:37,1,0,0
BRDA:37,1,1,0
BRF:4
BRH:0
end_of_record
TN:
SF:/home/lara/Documentos/MeetApp-Backend/src/app/services/subscription/index.js
FN:1,_createNamedExportFrom
FN:1,(anonymous_1)
FNF:2
FNH:0
FNDA:0,_createNamedExportFrom
FNDA:0,(anonymous_1)
DA:1,0
DA:4,0
DA:7,0
LF:3
LH:0
BRF:0
BRH:0
end_of_record
TN:
SF:/home/lara/Documentos/MeetApp-Backend/src/app/services/user/CreateUserService.js
FN:7,(anonymous_0)
FNF:1
FNH:0
FNDA:0,(anonymous_0)
DA:1,0
DA:2,0
DA:3,0
DA:4,0
DA:8,0
DA:9,0
DA:11,0
DA:12,0
DA:18,0
DA:20,0
DA:24,0
LF:11
LH:0
BRDA:11,0,0,0
BRDA:11,0,1,0
BRF:2
BRH:0
end_of_record
TN:
SF:/home/lara/Documentos/MeetApp-Backend/src/app/services/user/UpdateUserService.js
FN:7,(anonymous_0)
FNF:1
FNH:0
FNDA:0,(anonymous_0)
DA:1,0
DA:2,0
DA:3,0
DA:4,0
DA:8,0
DA:10,0
DA:12,0
DA:13,0
DA:15,0
DA:16,0
DA:23,0
DA:24,0
DA:26,0
DA:27,0
DA:34,0
DA:36,0
DA:40,0
LF:17
LH:0
BRDA:12,0,0,0
BRDA:12,0,1,0
BRDA:12,1,0,0
BRDA:12,1,1,0
BRDA:15,2,0,0
BRDA:15,2,1,0
BRDA:23,3,0,0
BRDA:23,3,1,0
BRDA:23,4,0,0
BRDA:23,4,1,0
BRDA:26,5,0,0
BRDA:26,5,1,0
BRF:12
BRH:0
end_of_record
TN:
SF:/home/lara/Documentos/MeetApp-Backend/src/app/services/user/index.js
FN:1,_createNamedExportFrom
FN:1,(anonymous_1)
FNF:2
FNH:0
FNDA:0,_createNamedExportFrom
FNDA:0,(anonymous_1)
DA:1,0
DA:2,0
LF:2
LH:0
BRF:0
BRH:0
end_of_record
TN:
SF:/home/lara/Documentos/MeetApp-Backend/src/app/validators/MeetupStore.js
FN:6,(anonymous_0)
FN:22,(anonymous_1)
FNF:2
FNH:0
FNDA:0,(anonymous_0)
FNDA:0,(anonymous_1)
DA:1,1
DA:3,1
DA:4,1
DA:6,1
DA:7,0
DA:8,0
DA:18,0
DA:20,0
DA:22,0
DA:27,0
LF:10
LH:4
BRF:0
BRH:0
end_of_record
TN:
SF:/home/lara/Documentos/MeetApp-Backend/src/app/validators/MeetupUpdate.js
FN:5,(anonymous_0)
FN:19,(anonymous_1)
FNF:2
FNH:0
FNDA:0,(anonymous_0)
FNDA:0,(anonymous_1)
DA:1,1
DA:3,1
DA:5,1
DA:6,0
DA:7,0
DA:15,0
DA:17,0
DA:19,0
DA:24,0
LF:9
LH:3
BRF:0
BRH:0
end_of_record
TN:
SF:/home/lara/Documentos/MeetApp-Backend/src/app/validators/SessionStore.js
FN:6,(anonymous_0)
FN:19,(anonymous_1)
FNF:2
FNH:2
FNDA:2,(anonymous_0)
FNDA:1,(anonymous_1)
DA:1,1
DA:3,1
DA:4,1
DA:6,1
DA:7,2
DA:8,2
DA:15,2
DA:17,1
DA:19,1
DA:24,1
LF:10
LH:10
BRF:0
BRH:0
end_of_record
TN:
SF:/home/lara/Documentos/MeetApp-Backend/src/app/validators/UserStore.js
FN:6,(anonymous_0)
FN:22,(anonymous_1)
FNF:2
FNH:0
FNDA:0,(anonymous_0)
FNDA:0,(anonymous_1)
DA:1,1
DA:3,1
DA:4,1
DA:6,1
DA:7,0
DA:8,0
DA:18,0
DA:20,0
DA:22,0
DA:27,0
LF:10
LH:4
BRF:0
BRH:0
end_of_record
TN:
SF:/home/lara/Documentos/MeetApp-Backend/src/app/validators/UserUpdate.js
FN:6,(anonymous_0)
FN:17,(anonymous_1)
FN:22,(anonymous_2)
FN:38,(anonymous_3)
FNF:4
FNH:0
FNDA:0,(anonymous_0)
FNDA:0,(anonymous_1)
FNDA:0,(anonymous_2)
FNDA:0,(anonymous_3)
DA:1,1
DA:3,1
DA:4,1
DA:6,1
DA:7,0
DA:8,0
DA:18,0
DA:23,0
DA:34,0
DA:36,0
DA:38,0
DA:43,0
LF:12
LH:4
BRDA:18,0,0,0
BRDA:18,0,1,0
BRDA:23,1,0,0
BRDA:23,1,1,0
BRF:4
BRH:0
end_of_record
TN:
SF:/home/lara/Documentos/MeetApp-Backend/src/app/validators/index.js
FN:1,_createNamedExportFrom
FN:1,(anonymous_1)
FNF:2
FNH:2
FNDA:5,_createNamedExportFrom
FNDA:2,(anonymous_1)
DA:1,5
DA:2,1
DA:3,1
DA:4,1
DA:5,1
LF:5
LH:5
BRF:0
BRH:0
end_of_record
